<?xml version="1.0" encoding="UTF-8"?>
<!-- Generated by org.testng.reporters.JUnitReportReporter -->
<testsuite hostname="DESKTOP-17RC72H" failures="0" tests="2" name="hcltraining.TestNg" time="0.018" errors="0" timestamp="2021-08-03T20:20:50 IST" skipped="0">
  <testcase classname="hcltraining.TestNg" name="sample2" time="0.007"/>
  <system-out/>
  <testcase classname="hcltraining.TestNg" name="sample1" time="0.011"/>
  <system-out/>
</testsuite> <!-- hcltraining.TestNg -->
