<?xml version="1.0" encoding="UTF-8"?>
<!-- Generated by org.testng.reporters.JUnitReportReporter -->
<testsuite hostname="DESKTOP-17RC72H" failures="0" tests="3" name="hcltraining.TestNGPriority" time="0.019" errors="0" timestamp="2021-08-03T20:08:20 IST" skipped="0">
  <testcase classname="hcltraining.TestNGPriority" name="sample1" time="0.012"/>
  <system-out/>
  <testcase classname="hcltraining.TestNGPriority" name="sample3" time="0.002"/>
  <system-out/>
  <testcase classname="hcltraining.TestNGPriority" name="sample2" time="0.005"/>
  <system-out/>
</testsuite> <!-- hcltraining.TestNGPriority -->
