<?xml version="1.0" encoding="UTF-8"?>
<!-- Generated by org.testng.reporters.JUnitReportReporter -->
<testsuite hostname="DESKTOP-17RC72H" failures="0" tests="1" name="listeners.Gmail_Login" time="41.426" errors="0" timestamp="2021-08-23T18:31:14 IST" skipped="0">
  <testcase classname="listeners.Gmail_Login" name="login" time="41.426"/>
  <system-out/>
</testsuite> <!-- listeners.Gmail_Login -->
