<?xml version="1.0" encoding="UTF-8"?>
<!-- Generated by org.testng.reporters.JUnitReportReporter -->
<testsuite hostname="DESKTOP-17RC72H" failures="0" tests="3" name="extentreport.Report_generation" time="69.720" errors="0" timestamp="2021-08-24T13:12:02 IST" skipped="0">
  <testcase classname="extentreport.Report_generation" name="StatusReport" time="0.020"/>
  <system-out/>
  <testcase classname="extentreport.Report_generation" name="CreateTest" time="0.015"/>
  <system-out/>
  <testcase classname="extentreport.Report_generation" name="Test" time="69.685"/>
  <system-out/>
</testsuite> <!-- extentreport.Report_generation -->
