<?xml version="1.0" encoding="UTF-8"?>
<!-- Generated by org.testng.reporters.JUnitReportReporter -->
<testsuite hostname="DESKTOP-17RC72H" failures="0" tests="3" name="hcltraining.TestNGgroups" time="0.038" errors="0" timestamp="2021-08-03T20:14:58 IST" skipped="0">
  <testcase classname="hcltraining.TestNGgroups" name="sample3" time="0.011"/>
  <system-out/>
  <testcase classname="hcltraining.TestNGgroups" name="sample2" time="0.009"/>
  <system-out/>
  <testcase classname="hcltraining.TestNGgroups" name="sample1" time="0.018"/>
  <system-out/>
</testsuite> <!-- hcltraining.TestNGgroups -->
