<?xml version="1.0" encoding="UTF-8"?>
<!-- Generated by org.testng.reporters.JUnitReportReporter -->
<testsuite hostname="DESKTOP-17RC72H" failures="0" tests="3" name="hcltraining.TestNGgroups" time="0.022" errors="0" timestamp="2021-08-28T12:49:54 IST" skipped="0">
  <testcase classname="hcltraining.TestNGgroups" name="sample1" time="0.013"/>
  <system-out/>
  <testcase classname="hcltraining.TestNGgroups" name="sample3" time="0.007"/>
  <system-out/>
  <testcase classname="hcltraining.TestNGgroups" name="sample2" time="0.002"/>
  <system-out/>
</testsuite> <!-- hcltraining.TestNGgroups -->
