<?xml version="1.0" encoding="UTF-8"?>
<!-- Generated by org.testng.reporters.JUnitReportReporter -->
<testsuite hostname="DESKTOP-17RC72H" failures="0" tests="1" name="listeners.HCL_Login" time="86.991" errors="0" timestamp="2021-08-23T10:27:41 IST" skipped="0">
  <testcase classname="listeners.HCL_Login" name="login" time="86.991"/>
  <system-out/>
</testsuite> <!-- listeners.HCL_Login -->
